  main.cpp
C:\Users\user\source\repos\last chance\last chance\Pause.h(35,72): warning C4244: 'argument' : conversion de 'T' en 'T', perte possible de données
          with
          [
              T=int
          ]
          and
          [
              T=float
          ]
C:\Users\user\source\repos\last chance\last chance\Pause.h(35,65): warning C4244: 'argument' : conversion de 'T' en 'T', perte possible de données
          with
          [
              T=int
          ]
          and
          [
              T=float
          ]
C:\Users\user\source\repos\last chance\last chance\Pause.h(39,72): warning C4244: 'argument' : conversion de 'T' en 'T', perte possible de données
          with
          [
              T=int
          ]
          and
          [
              T=float
          ]
C:\Users\user\source\repos\last chance\last chance\Pause.h(39,65): warning C4244: 'argument' : conversion de 'T' en 'T', perte possible de données
          with
          [
              T=int
          ]
          and
          [
              T=float
          ]
C:\Users\user\source\repos\last chance\last chance\Pause.h(45,72): warning C4244: 'argument' : conversion de 'T' en 'T', perte possible de données
          with
          [
              T=int
          ]
          and
          [
              T=float
          ]
C:\Users\user\source\repos\last chance\last chance\Pause.h(45,65): warning C4244: 'argument' : conversion de 'T' en 'T', perte possible de données
          with
          [
              T=int
          ]
          and
          [
              T=float
          ]
C:\Users\user\source\repos\last chance\last chance\Replay_Board.h(53,48): warning C4244: 'argument' : conversion de 'const float' en 'unsigned int', perte possible de données
C:\Users\user\source\repos\last chance\last chance\Replay_Board.h(53,43): warning C4244: 'argument' : conversion de 'const float' en 'unsigned int', perte possible de données
C:\Users\user\source\repos\last chance\last chance\Replay_Board.h(103,72): warning C4244: 'argument' : conversion de 'T' en 'T', perte possible de données
          with
          [
              T=int
          ]
          and
          [
              T=float
          ]
C:\Users\user\source\repos\last chance\last chance\Replay_Board.h(103,65): warning C4244: 'argument' : conversion de 'T' en 'T', perte possible de données
          with
          [
              T=int
          ]
          and
          [
              T=float
          ]
C:\Users\user\source\repos\last chance\last chance\Replay_Board.h(117,83): warning C4244: 'argument' : conversion de 'T' en 'T', perte possible de données
          with
          [
              T=int
          ]
          and
          [
              T=float
          ]
C:\Users\user\source\repos\last chance\last chance\Replay_Board.h(117,76): warning C4244: 'argument' : conversion de 'T' en 'T', perte possible de données
          with
          [
              T=int
          ]
          and
          [
              T=float
          ]
C:\Users\user\source\repos\last chance\last chance\Replay_Board.h(223,76): warning C4244: 'argument' : conversion de 'T' en 'T', perte possible de données
          with
          [
              T=int
          ]
          and
          [
              T=float
          ]
C:\Users\user\source\repos\last chance\last chance\Replay_Board.h(223,69): warning C4244: 'argument' : conversion de 'T' en 'T', perte possible de données
          with
          [
              T=int
          ]
          and
          [
              T=float
          ]
C:\Users\user\source\repos\last chance\last chance\Replay_Board.h(236,83): warning C4244: 'argument' : conversion de 'T' en 'T', perte possible de données
          with
          [
              T=int
          ]
          and
          [
              T=float
          ]
C:\Users\user\source\repos\last chance\last chance\Replay_Board.h(236,76): warning C4244: 'argument' : conversion de 'T' en 'T', perte possible de données
          with
          [
              T=int
          ]
          and
          [
              T=float
          ]
C:\Users\user\source\repos\last chance\last chance\Replay_Board.h(265,72): warning C4244: 'argument' : conversion de 'T' en 'T', perte possible de données
          with
          [
              T=int
          ]
          and
          [
              T=float
          ]
C:\Users\user\source\repos\last chance\last chance\Replay_Board.h(265,65): warning C4244: 'argument' : conversion de 'T' en 'T', perte possible de données
          with
          [
              T=int
          ]
          and
          [
              T=float
          ]
C:\Users\user\source\repos\last chance\last chance\Replay_Board.h(277,83): warning C4244: 'argument' : conversion de 'T' en 'T', perte possible de données
          with
          [
              T=int
          ]
          and
          [
              T=float
          ]
C:\Users\user\source\repos\last chance\last chance\Replay_Board.h(277,76): warning C4244: 'argument' : conversion de 'T' en 'T', perte possible de données
          with
          [
              T=int
          ]
          and
          [
              T=float
          ]
C:\Users\user\source\repos\last chance\last chance\Replay_Board.h(306,72): warning C4244: 'argument' : conversion de 'T' en 'T', perte possible de données
          with
          [
              T=int
          ]
          and
          [
              T=float
          ]
C:\Users\user\source\repos\last chance\last chance\Replay_Board.h(306,65): warning C4244: 'argument' : conversion de 'T' en 'T', perte possible de données
          with
          [
              T=int
          ]
          and
          [
              T=float
          ]
C:\Users\user\source\repos\last chance\last chance\Replay_Board.h(318,83): warning C4244: 'argument' : conversion de 'T' en 'T', perte possible de données
          with
          [
              T=int
          ]
          and
          [
              T=float
          ]
C:\Users\user\source\repos\last chance\last chance\Replay_Board.h(318,76): warning C4244: 'argument' : conversion de 'T' en 'T', perte possible de données
          with
          [
              T=int
          ]
          and
          [
              T=float
          ]
C:\Users\user\source\repos\last chance\last chance\Replay_Board.h(347,72): warning C4244: 'argument' : conversion de 'T' en 'T', perte possible de données
          with
          [
              T=int
          ]
          and
          [
              T=float
          ]
C:\Users\user\source\repos\last chance\last chance\Replay_Board.h(347,65): warning C4244: 'argument' : conversion de 'T' en 'T', perte possible de données
          with
          [
              T=int
          ]
          and
          [
              T=float
          ]
C:\Users\user\source\repos\last chance\last chance\Replay_Board.h(359,83): warning C4244: 'argument' : conversion de 'T' en 'T', perte possible de données
          with
          [
              T=int
          ]
          and
          [
              T=float
          ]
C:\Users\user\source\repos\last chance\last chance\Replay_Board.h(359,76): warning C4244: 'argument' : conversion de 'T' en 'T', perte possible de données
          with
          [
              T=int
          ]
          and
          [
              T=float
          ]
C:\Users\user\source\repos\last chance\last chance\Game_Board.h(55,48): warning C4244: 'argument' : conversion de 'const float' en 'unsigned int', perte possible de données
C:\Users\user\source\repos\last chance\last chance\Game_Board.h(55,43): warning C4244: 'argument' : conversion de 'const float' en 'unsigned int', perte possible de données
C:\Users\user\source\repos\last chance\last chance\Game_Board.h(113,72): warning C4244: 'argument' : conversion de 'T' en 'T', perte possible de données
          with
          [
              T=int
          ]
          and
          [
              T=float
          ]
C:\Users\user\source\repos\last chance\last chance\Game_Board.h(113,65): warning C4244: 'argument' : conversion de 'T' en 'T', perte possible de données
          with
          [
              T=int
          ]
          and
          [
              T=float
          ]
C:\Users\user\source\repos\last chance\last chance\Game_Board.h(127,83): warning C4244: 'argument' : conversion de 'T' en 'T', perte possible de données
          with
          [
              T=int
          ]
          and
          [
              T=float
          ]
C:\Users\user\source\repos\last chance\last chance\Game_Board.h(127,76): warning C4244: 'argument' : conversion de 'T' en 'T', perte possible de données
          with
          [
              T=int
          ]
          and
          [
              T=float
          ]
C:\Users\user\source\repos\last chance\last chance\Game_Board.h(235,76): warning C4244: 'argument' : conversion de 'T' en 'T', perte possible de données
          with
          [
              T=int
          ]
          and
          [
              T=float
          ]
C:\Users\user\source\repos\last chance\last chance\Game_Board.h(235,69): warning C4244: 'argument' : conversion de 'T' en 'T', perte possible de données
          with
          [
              T=int
          ]
          and
          [
              T=float
          ]
C:\Users\user\source\repos\last chance\last chance\Game_Board.h(248,83): warning C4244: 'argument' : conversion de 'T' en 'T', perte possible de données
          with
          [
              T=int
          ]
          and
          [
              T=float
          ]
C:\Users\user\source\repos\last chance\last chance\Game_Board.h(248,76): warning C4244: 'argument' : conversion de 'T' en 'T', perte possible de données
          with
          [
              T=int
          ]
          and
          [
              T=float
          ]
C:\Users\user\source\repos\last chance\last chance\Game_Board.h(277,72): warning C4244: 'argument' : conversion de 'T' en 'T', perte possible de données
          with
          [
              T=int
          ]
          and
          [
              T=float
          ]
C:\Users\user\source\repos\last chance\last chance\Game_Board.h(277,65): warning C4244: 'argument' : conversion de 'T' en 'T', perte possible de données
          with
          [
              T=int
          ]
          and
          [
              T=float
          ]
C:\Users\user\source\repos\last chance\last chance\Game_Board.h(289,83): warning C4244: 'argument' : conversion de 'T' en 'T', perte possible de données
          with
          [
              T=int
          ]
          and
          [
              T=float
          ]
C:\Users\user\source\repos\last chance\last chance\Game_Board.h(289,76): warning C4244: 'argument' : conversion de 'T' en 'T', perte possible de données
          with
          [
              T=int
          ]
          and
          [
              T=float
          ]
C:\Users\user\source\repos\last chance\last chance\Game_Board.h(318,72): warning C4244: 'argument' : conversion de 'T' en 'T', perte possible de données
          with
          [
              T=int
          ]
          and
          [
              T=float
          ]
C:\Users\user\source\repos\last chance\last chance\Game_Board.h(318,65): warning C4244: 'argument' : conversion de 'T' en 'T', perte possible de données
          with
          [
              T=int
          ]
          and
          [
              T=float
          ]
C:\Users\user\source\repos\last chance\last chance\Game_Board.h(330,83): warning C4244: 'argument' : conversion de 'T' en 'T', perte possible de données
          with
          [
              T=int
          ]
          and
          [
              T=float
          ]
C:\Users\user\source\repos\last chance\last chance\Game_Board.h(330,76): warning C4244: 'argument' : conversion de 'T' en 'T', perte possible de données
          with
          [
              T=int
          ]
          and
          [
              T=float
          ]
C:\Users\user\source\repos\last chance\last chance\Game_Board.h(359,72): warning C4244: 'argument' : conversion de 'T' en 'T', perte possible de données
          with
          [
              T=int
          ]
          and
          [
              T=float
          ]
C:\Users\user\source\repos\last chance\last chance\Game_Board.h(359,65): warning C4244: 'argument' : conversion de 'T' en 'T', perte possible de données
          with
          [
              T=int
          ]
          and
          [
              T=float
          ]
C:\Users\user\source\repos\last chance\last chance\Game_Board.h(371,83): warning C4244: 'argument' : conversion de 'T' en 'T', perte possible de données
          with
          [
              T=int
          ]
          and
          [
              T=float
          ]
C:\Users\user\source\repos\last chance\last chance\Game_Board.h(371,76): warning C4244: 'argument' : conversion de 'T' en 'T', perte possible de données
          with
          [
              T=int
          ]
          and
          [
              T=float
          ]
C:\Users\user\source\repos\last chance\last chance\Game.h(56,68): warning C4244: 'argument' : conversion de 'T' en 'T', perte possible de données
          with
          [
              T=int
          ]
          and
          [
              T=float
          ]
C:\Users\user\source\repos\last chance\last chance\Game.h(56,61): warning C4244: 'argument' : conversion de 'T' en 'T', perte possible de données
          with
          [
              T=int
          ]
          and
          [
              T=float
          ]
C:\Users\user\source\repos\last chance\last chance\Game.h(60,68): warning C4244: 'argument' : conversion de 'T' en 'T', perte possible de données
          with
          [
              T=int
          ]
          and
          [
              T=float
          ]
C:\Users\user\source\repos\last chance\last chance\Game.h(60,61): warning C4244: 'argument' : conversion de 'T' en 'T', perte possible de données
          with
          [
              T=int
          ]
          and
          [
              T=float
          ]
C:\Users\user\source\repos\last chance\last chance\Game.h(110,68): warning C4244: 'argument' : conversion de 'T' en 'T', perte possible de données
          with
          [
              T=int
          ]
          and
          [
              T=float
          ]
C:\Users\user\source\repos\last chance\last chance\Game.h(110,61): warning C4244: 'argument' : conversion de 'T' en 'T', perte possible de données
          with
          [
              T=int
          ]
          and
          [
              T=float
          ]
C:\Users\user\source\repos\last chance\last chance\Game.h(113,68): warning C4244: 'argument' : conversion de 'T' en 'T', perte possible de données
          with
          [
              T=int
          ]
          and
          [
              T=float
          ]
C:\Users\user\source\repos\last chance\last chance\Game.h(113,61): warning C4244: 'argument' : conversion de 'T' en 'T', perte possible de données
          with
          [
              T=int
          ]
          and
          [
              T=float
          ]
C:\Users\user\source\repos\last chance\last chance\Game.h(116,68): warning C4244: 'argument' : conversion de 'T' en 'T', perte possible de données
          with
          [
              T=int
          ]
          and
          [
              T=float
          ]
C:\Users\user\source\repos\last chance\last chance\Game.h(116,61): warning C4244: 'argument' : conversion de 'T' en 'T', perte possible de données
          with
          [
              T=int
          ]
          and
          [
              T=float
          ]
C:\Users\user\source\repos\last chance\last chance\Game.h(119,68): warning C4244: 'argument' : conversion de 'T' en 'T', perte possible de données
          with
          [
              T=int
          ]
          and
          [
              T=float
          ]
C:\Users\user\source\repos\last chance\last chance\Game.h(119,61): warning C4244: 'argument' : conversion de 'T' en 'T', perte possible de données
          with
          [
              T=int
          ]
          and
          [
              T=float
          ]
C:\Users\user\source\repos\last chance\last chance\Game.h(175,68): warning C4244: 'argument' : conversion de 'T' en 'T', perte possible de données
          with
          [
              T=int
          ]
          and
          [
              T=float
          ]
C:\Users\user\source\repos\last chance\last chance\Game.h(175,61): warning C4244: 'argument' : conversion de 'T' en 'T', perte possible de données
          with
          [
              T=int
          ]
          and
          [
              T=float
          ]
C:\Users\user\source\repos\last chance\last chance\Game.h(178,68): warning C4244: 'argument' : conversion de 'T' en 'T', perte possible de données
          with
          [
              T=int
          ]
          and
          [
              T=float
          ]
C:\Users\user\source\repos\last chance\last chance\Game.h(178,61): warning C4244: 'argument' : conversion de 'T' en 'T', perte possible de données
          with
          [
              T=int
          ]
          and
          [
              T=float
          ]
C:\Users\user\source\repos\last chance\last chance\Game.h(181,68): warning C4244: 'argument' : conversion de 'T' en 'T', perte possible de données
          with
          [
              T=int
          ]
          and
          [
              T=float
          ]
C:\Users\user\source\repos\last chance\last chance\Game.h(181,61): warning C4244: 'argument' : conversion de 'T' en 'T', perte possible de données
          with
          [
              T=int
          ]
          and
          [
              T=float
          ]
C:\Users\user\source\repos\last chance\last chance\Game.h(184,68): warning C4244: 'argument' : conversion de 'T' en 'T', perte possible de données
          with
          [
              T=int
          ]
          and
          [
              T=float
          ]
C:\Users\user\source\repos\last chance\last chance\Game.h(184,61): warning C4244: 'argument' : conversion de 'T' en 'T', perte possible de données
          with
          [
              T=int
          ]
          and
          [
              T=float
          ]
  last chance.vcxproj -> C:\Users\user\source\repos\last chance\Debug\last chance.exe
